<?xml version="1.0" encoding="UTF-8"?>
<!-- Generated by org.testng.reporters.JUnitReportReporter -->
<testsuite hostname="Romans-MacBook-Pro.local" name="com.booking.TestClass" tests="5" failures="0" timestamp="21 Jul 2015 08:38:35 GMT" time="85.741" errors="0">
  <testcase name="fifthTest" time="7.642" classname="com.booking.TestClass"/>
  <testcase name="firstTest" time="11.580" classname="com.booking.TestClass"/>
  <testcase name="thirdTest" time="27.452" classname="com.booking.TestClass"/>
  <testcase name="secondTest" time="21.661" classname="com.booking.TestClass"/>
  <testcase name="forthTest" time="17.406" classname="com.booking.TestClass"/>
</testsuite> <!-- com.booking.TestClass -->
