<?xml version="1.0" encoding="UTF-8"?>
<!-- Generated by org.testng.reporters.JUnitReportReporter -->
<testsuite hostname="Romans-MacBook-Pro.local" name="com.booking.TestClass" tests="5" failures="0" timestamp="20 Jul 2015 15:21:41 GMT" time="86.281" errors="0">
  <testcase name="secondTest" time="21.448" classname="com.booking.TestClass"/>
  <testcase name="fifthTest" time="7.972" classname="com.booking.TestClass"/>
  <testcase name="firstTest" time="10.970" classname="com.booking.TestClass"/>
  <testcase name="thirdTest" time="28.847" classname="com.booking.TestClass"/>
  <testcase name="forthTest" time="17.044" classname="com.booking.TestClass"/>
</testsuite> <!-- com.booking.TestClass -->
